<?xml version="1.0" encoding="UTF-8"?>
<!-- Generated by org.testng.reporters.JUnitXMLReporter -->
<testsuite hostname="HYDVMIOAMMANRR1" ignored="0" name="EDL_API_UAT_Testing_TestCases" tests="36" failures="0" timestamp="11 Dec 2019 14:34:48 GMT" time="1973.359" errors="0">
  <testcase name="@BeforeClass getallaccounts" time="1851.137" classname="com_edl_uat_api_testcases.TC001_accounts_id">
    <failure type="java.lang.IllegalArgumentException" message="Illegal Load: 0.0">
      <![CDATA[java.lang.IllegalArgumentException: Illegal Load: 0.0
at com.sun.org.apache.xerces.internal.util.SymbolTable.<init>(Unknown Source)
at com.sun.org.apache.xerces.internal.util.SymbolTable.<init>(Unknown Source)
at com.sun.org.apache.xerces.internal.parsers.XML11Configuration.<init>(Unknown Source)
at com.sun.org.apache.xerces.internal.parsers.XIncludeAwareParserConfiguration.<init>(Unknown Source)
at com.sun.org.apache.xerces.internal.parsers.XIncludeAwareParserConfiguration.<init>(Unknown Source)
at com.sun.org.apache.xerces.internal.parsers.DOMParser.<init>(Unknown Source)
at com.sun.org.apache.xerces.internal.parsers.DOMParser.<init>(Unknown Source)
at com.sun.org.apache.xerces.internal.jaxp.DocumentBuilderImpl.<init>(Unknown Source)
at com.sun.org.apache.xerces.internal.jaxp.DocumentBuilderFactoryImpl.newDocumentBuilder(Unknown Source)
at org.apache.poi.ooxml.util.DocumentHelper.newDocumentBuilder(DocumentHelper.java:90)
at org.apache.poi.ooxml.util.DocumentHelper.readDocument(DocumentHelper.java:165)
at org.apache.poi.openxml4j.opc.internal.unmarshallers.PackagePropertiesUnmarshaller.unmarshall(PackagePropertiesUnmarshaller.java:108)
at org.apache.poi.openxml4j.opc.OPCPackage.getParts(OPCPackage.java:752)
at org.apache.poi.openxml4j.opc.OPCPackage.open(OPCPackage.java:310)
at org.apache.poi.ooxml.util.PackageHelper.open(PackageHelper.java:37)
at org.apache.poi.xssf.usermodel.XSSFWorkbook.<init>(XSSFWorkbook.java:303)
at Lib.XLUtil.setCellData(XLUtil.java:109)
at com_edl_uat_api_testcases.TC001_accounts_id.getallaccounts(TC001_accounts_id.java:74)
... Removed 26 stack frames]]>
    </failure>
  </testcase> <!-- @BeforeClass getallaccounts -->
  <testcase name="@AfterClass tearDown" time="0.0" classname="com_edl_uat_api_testcases.TC001_accounts_id">
    <skipped/>
  </testcase> <!-- @AfterClass tearDown -->
  <testcase name="@BeforeClass accounts_id_weightedholdings" time="113.789" classname="com_edl_uat_api_testcases.TC002_accounts_id_weightedholdings">
    <failure type="org.apache.poi.ooxml.POIXMLException" message="unable to parse shared strings table">
      <![CDATA[org.apache.poi.ooxml.POIXMLException: unable to parse shared strings table
at org.apache.poi.ooxml.POIXMLFactory.createDocumentPart(POIXMLFactory.java:66)
at org.apache.poi.ooxml.POIXMLDocumentPart.read(POIXMLDocumentPart.java:657)
at org.apache.poi.ooxml.POIXMLDocument.load(POIXMLDocument.java:180)
at org.apache.poi.xssf.usermodel.XSSFWorkbook.<init>(XSSFWorkbook.java:282)
at org.apache.poi.xssf.usermodel.XSSFWorkbook.<init>(XSSFWorkbook.java:303)
at Lib.XLUtil.getCellData(XLUtil.java:85)
at com_edl_uat_api_testcases.TC002_accounts_id_weightedholdings.accounts_id_weightedholdings(TC002_accounts_id_weightedholdings.java:39)
at org.apache.poi.xssf.usermodel.XSSFFactory.createDocumentPart(XSSFFactory.java:56)
at org.apache.poi.ooxml.POIXMLFactory.createDocumentPart(POIXMLFactory.java:63)
... 32 more
Caused by: java.io.IOException: unable to parse shared strings table
at org.apache.poi.xssf.model.SharedStringsTable.readFrom(SharedStringsTable.java:134)
at org.apache.poi.xssf.model.SharedStringsTable.<init>(SharedStringsTable.java:111)
... 37 more
Caused by: org.apache.xmlbeans.XmlException: error: An invalid XML character (Unicode: 0x0) was found in the element content of the document.
at org.apache.xmlbeans.impl.store.Locale$SaxLoader.load(Locale.java:3448)
at org.apache.xmlbeans.impl.store.Locale.parseToXmlObject(Locale.java:1272)
at org.apache.xmlbeans.impl.store.Locale.parseToXmlObject(Locale.java:1259)
at org.apache.xmlbeans.impl.schema.SchemaTypeLoaderBase.parse(SchemaTypeLoaderBase.java:345)
at org.openxmlformats.schemas.spreadsheetml.x2006.main.SstDocument$Factory.parse(Unknown Source)
at org.apache.poi.xssf.model.SharedStringsTable.readFrom(SharedStringsTable.java:123)
... 38 more
Caused by: org.xml.sax.SAXParseException; systemId: file://; lineNumber: 7; columnNumber: 289747; An invalid XML character (Unicode: 0x0) was found in the element content of the document.
at com.sun.org.apache.xerces.internal.util.ErrorHandlerWrapper.createSAXParseException(Unknown Source)
at com.sun.org.apache.xerces.internal.util.ErrorHandlerWrapper.fatalError(Unknown Source)
at com.sun.org.apache.xerces.internal.impl.XMLErrorReporter.reportError(Unknown Source)
at com.sun.org.apache.xerces.internal.impl.XMLErrorReporter.reportError(Unknown Source)
at com.sun.org.apache.xerces.internal.impl.XMLScanner.reportFatalError(Unknown Source)
at com.sun.org.apache.xerces.internal.impl.XMLDocumentFragmentScannerImpl$FragmentContentDriver.next(Unknown Source)
at com.sun.org.apache.xerces.internal.impl.XMLDocumentScannerImpl.next(Unknown Source)
at com.sun.org.apache.xerces.internal.impl.XMLNSDocumentScannerImpl.next(Unknown Source)
at com.sun.org.apache.xerces.internal.impl.XMLDocumentFragmentScannerImpl.scanDocument(Unknown Source)
at com.sun.org.apache.xerces.internal.parsers.XML11Configuration.parse(Unknown Source)
at com.sun.org.apache.xerces.internal.parsers.XML11Configuration.parse(Unknown Source)
at com.sun.org.apache.xerces.internal.parsers.XMLParser.parse(Unknown Source)
at com.sun.org.apache.xerces.internal.parsers.AbstractSAXParser.parse(Unknown Source)
at com.sun.org.apache.xerces.internal.jaxp.SAXParserImpl$JAXPSAXParser.parse(Unknown Source)
at org.apache.xmlbeans.impl.store.Locale$SaxLoader.load(Locale.java:3422)
... 43 more
... Removed 30 stack frames]]>
    </failure>
  </testcase> <!-- @BeforeClass accounts_id_weightedholdings -->
  <testcase name="@AfterClass tearDown" time="0.0" classname="com_edl_uat_api_testcases.TC002_accounts_id_weightedholdings">
    <skipped/>
  </testcase> <!-- @AfterClass tearDown -->
  <testcase name="@BeforeClass getaccountsholdings" time="0.07" classname="com_edl_uat_api_testcases.TC003_accounts_id_holdings">
    <failure type="org.apache.poi.ooxml.POIXMLException" message="unable to parse shared strings table">
      <![CDATA[org.apache.poi.ooxml.POIXMLException: unable to parse shared strings table
at org.apache.poi.ooxml.POIXMLFactory.createDocumentPart(POIXMLFactory.java:66)
at org.apache.poi.ooxml.POIXMLDocumentPart.read(POIXMLDocumentPart.java:657)
at org.apache.poi.ooxml.POIXMLDocument.load(POIXMLDocument.java:180)
at org.apache.poi.xssf.usermodel.XSSFWorkbook.<init>(XSSFWorkbook.java:282)
at org.apache.poi.xssf.usermodel.XSSFWorkbook.<init>(XSSFWorkbook.java:303)
at Lib.XLUtil.getCellData(XLUtil.java:85)
at com_edl_uat_api_testcases.TC003_accounts_id_holdings.getaccountsholdings(TC003_accounts_id_holdings.java:28)
at org.apache.poi.xssf.usermodel.XSSFFactory.createDocumentPart(XSSFFactory.java:56)
at org.apache.poi.ooxml.POIXMLFactory.createDocumentPart(POIXMLFactory.java:63)
... 32 more
Caused by: java.io.IOException: unable to parse shared strings table
at org.apache.poi.xssf.model.SharedStringsTable.readFrom(SharedStringsTable.java:134)
at org.apache.poi.xssf.model.SharedStringsTable.<init>(SharedStringsTable.java:111)
... 37 more
Caused by: org.apache.xmlbeans.XmlException: error: An invalid XML character (Unicode: 0x0) was found in the element content of the document.
at org.apache.xmlbeans.impl.store.Locale$SaxLoader.load(Locale.java:3448)
at org.apache.xmlbeans.impl.store.Locale.parseToXmlObject(Locale.java:1272)
at org.apache.xmlbeans.impl.store.Locale.parseToXmlObject(Locale.java:1259)
at org.apache.xmlbeans.impl.schema.SchemaTypeLoaderBase.parse(SchemaTypeLoaderBase.java:345)
at org.openxmlformats.schemas.spreadsheetml.x2006.main.SstDocument$Factory.parse(Unknown Source)
at org.apache.poi.xssf.model.SharedStringsTable.readFrom(SharedStringsTable.java:123)
... 38 more
Caused by: org.xml.sax.SAXParseException; systemId: file://; lineNumber: 7; columnNumber: 289747; An invalid XML character (Unicode: 0x0) was found in the element content of the document.
at com.sun.org.apache.xerces.internal.util.ErrorHandlerWrapper.createSAXParseException(Unknown Source)
at com.sun.org.apache.xerces.internal.util.ErrorHandlerWrapper.fatalError(Unknown Source)
at com.sun.org.apache.xerces.internal.impl.XMLErrorReporter.reportError(Unknown Source)
at com.sun.org.apache.xerces.internal.impl.XMLErrorReporter.reportError(Unknown Source)
at com.sun.org.apache.xerces.internal.impl.XMLScanner.reportFatalError(Unknown Source)
at com.sun.org.apache.xerces.internal.impl.XMLDocumentFragmentScannerImpl$FragmentContentDriver.next(Unknown Source)
at com.sun.org.apache.xerces.internal.impl.XMLDocumentScannerImpl.next(Unknown Source)
at com.sun.org.apache.xerces.internal.impl.XMLNSDocumentScannerImpl.next(Unknown Source)
at com.sun.org.apache.xerces.internal.impl.XMLDocumentFragmentScannerImpl.scanDocument(Unknown Source)
at com.sun.org.apache.xerces.internal.parsers.XML11Configuration.parse(Unknown Source)
at com.sun.org.apache.xerces.internal.parsers.XML11Configuration.parse(Unknown Source)
at com.sun.org.apache.xerces.internal.parsers.XMLParser.parse(Unknown Source)
at com.sun.org.apache.xerces.internal.parsers.AbstractSAXParser.parse(Unknown Source)
at com.sun.org.apache.xerces.internal.jaxp.SAXParserImpl$JAXPSAXParser.parse(Unknown Source)
at org.apache.xmlbeans.impl.store.Locale$SaxLoader.load(Locale.java:3422)
... 43 more
... Removed 30 stack frames]]>
    </failure>
  </testcase> <!-- @BeforeClass getaccountsholdings -->
  <testcase name="@AfterClass tearDown" time="0.0" classname="com_edl_uat_api_testcases.TC003_accounts_id_holdings">
    <skipped/>
  </testcase> <!-- @AfterClass tearDown -->
  <testcase name="@BeforeClass getaccountsanalytics" time="0.048" classname="com_edl_uat_api_testcases.TC004_accounts_id_analystics">
    <failure type="org.apache.poi.ooxml.POIXMLException" message="unable to parse shared strings table">
      <![CDATA[org.apache.poi.ooxml.POIXMLException: unable to parse shared strings table
at org.apache.poi.ooxml.POIXMLFactory.createDocumentPart(POIXMLFactory.java:66)
at org.apache.poi.ooxml.POIXMLDocumentPart.read(POIXMLDocumentPart.java:657)
at org.apache.poi.ooxml.POIXMLDocument.load(POIXMLDocument.java:180)
at org.apache.poi.xssf.usermodel.XSSFWorkbook.<init>(XSSFWorkbook.java:282)
at org.apache.poi.xssf.usermodel.XSSFWorkbook.<init>(XSSFWorkbook.java:303)
at Lib.XLUtil.getCellData(XLUtil.java:85)
at com_edl_uat_api_testcases.TC004_accounts_id_analystics.getaccountsanalytics(TC004_accounts_id_analystics.java:28)
at org.apache.poi.xssf.usermodel.XSSFFactory.createDocumentPart(XSSFFactory.java:56)
at org.apache.poi.ooxml.POIXMLFactory.createDocumentPart(POIXMLFactory.java:63)
... 32 more
Caused by: java.io.IOException: unable to parse shared strings table
at org.apache.poi.xssf.model.SharedStringsTable.readFrom(SharedStringsTable.java:134)
at org.apache.poi.xssf.model.SharedStringsTable.<init>(SharedStringsTable.java:111)
... 37 more
Caused by: org.apache.xmlbeans.XmlException: error: An invalid XML character (Unicode: 0x0) was found in the element content of the document.
at org.apache.xmlbeans.impl.store.Locale$SaxLoader.load(Locale.java:3448)
at org.apache.xmlbeans.impl.store.Locale.parseToXmlObject(Locale.java:1272)
at org.apache.xmlbeans.impl.store.Locale.parseToXmlObject(Locale.java:1259)
at org.apache.xmlbeans.impl.schema.SchemaTypeLoaderBase.parse(SchemaTypeLoaderBase.java:345)
at org.openxmlformats.schemas.spreadsheetml.x2006.main.SstDocument$Factory.parse(Unknown Source)
at org.apache.poi.xssf.model.SharedStringsTable.readFrom(SharedStringsTable.java:123)
... 38 more
Caused by: org.xml.sax.SAXParseException; systemId: file://; lineNumber: 7; columnNumber: 289747; An invalid XML character (Unicode: 0x0) was found in the element content of the document.
at com.sun.org.apache.xerces.internal.util.ErrorHandlerWrapper.createSAXParseException(Unknown Source)
at com.sun.org.apache.xerces.internal.util.ErrorHandlerWrapper.fatalError(Unknown Source)
at com.sun.org.apache.xerces.internal.impl.XMLErrorReporter.reportError(Unknown Source)
at com.sun.org.apache.xerces.internal.impl.XMLErrorReporter.reportError(Unknown Source)
at com.sun.org.apache.xerces.internal.impl.XMLScanner.reportFatalError(Unknown Source)
at com.sun.org.apache.xerces.internal.impl.XMLDocumentFragmentScannerImpl$FragmentContentDriver.next(Unknown Source)
at com.sun.org.apache.xerces.internal.impl.XMLDocumentScannerImpl.next(Unknown Source)
at com.sun.org.apache.xerces.internal.impl.XMLNSDocumentScannerImpl.next(Unknown Source)
at com.sun.org.apache.xerces.internal.impl.XMLDocumentFragmentScannerImpl.scanDocument(Unknown Source)
at com.sun.org.apache.xerces.internal.parsers.XML11Configuration.parse(Unknown Source)
at com.sun.org.apache.xerces.internal.parsers.XML11Configuration.parse(Unknown Source)
at com.sun.org.apache.xerces.internal.parsers.XMLParser.parse(Unknown Source)
at com.sun.org.apache.xerces.internal.parsers.AbstractSAXParser.parse(Unknown Source)
at com.sun.org.apache.xerces.internal.jaxp.SAXParserImpl$JAXPSAXParser.parse(Unknown Source)
at org.apache.xmlbeans.impl.store.Locale$SaxLoader.load(Locale.java:3422)
... 43 more
... Removed 30 stack frames]]>
    </failure>
  </testcase> <!-- @BeforeClass getaccountsanalytics -->
  <testcase name="@AfterClass tearDown" time="0.0" classname="com_edl_uat_api_testcases.TC004_accounts_id_analystics">
    <skipped/>
  </testcase> <!-- @AfterClass tearDown -->
  <testcase name="@BeforeClass getShareClassdetails" time="0.041" classname="com_edl_uat_api_testcases.TC006_shareclasses_id">
    <failure type="org.apache.poi.ooxml.POIXMLException" message="unable to parse shared strings table">
      <![CDATA[org.apache.poi.ooxml.POIXMLException: unable to parse shared strings table
at org.apache.poi.ooxml.POIXMLFactory.createDocumentPart(POIXMLFactory.java:66)
at org.apache.poi.ooxml.POIXMLDocumentPart.read(POIXMLDocumentPart.java:657)
at org.apache.poi.ooxml.POIXMLDocument.load(POIXMLDocument.java:180)
at org.apache.poi.xssf.usermodel.XSSFWorkbook.<init>(XSSFWorkbook.java:282)
at org.apache.poi.xssf.usermodel.XSSFWorkbook.<init>(XSSFWorkbook.java:303)
at Lib.XLUtil.getCellData(XLUtil.java:85)
at com_edl_uat_api_testcases.TC006_shareclasses_id.getShareClassdetails(TC006_shareclasses_id.java:29)
at org.apache.poi.xssf.usermodel.XSSFFactory.createDocumentPart(XSSFFactory.java:56)
at org.apache.poi.ooxml.POIXMLFactory.createDocumentPart(POIXMLFactory.java:63)
... 32 more
Caused by: java.io.IOException: unable to parse shared strings table
at org.apache.poi.xssf.model.SharedStringsTable.readFrom(SharedStringsTable.java:134)
at org.apache.poi.xssf.model.SharedStringsTable.<init>(SharedStringsTable.java:111)
... 37 more
Caused by: org.apache.xmlbeans.XmlException: error: An invalid XML character (Unicode: 0x0) was found in the element content of the document.
at org.apache.xmlbeans.impl.store.Locale$SaxLoader.load(Locale.java:3448)
at org.apache.xmlbeans.impl.store.Locale.parseToXmlObject(Locale.java:1272)
at org.apache.xmlbeans.impl.store.Locale.parseToXmlObject(Locale.java:1259)
at org.apache.xmlbeans.impl.schema.SchemaTypeLoaderBase.parse(SchemaTypeLoaderBase.java:345)
at org.openxmlformats.schemas.spreadsheetml.x2006.main.SstDocument$Factory.parse(Unknown Source)
at org.apache.poi.xssf.model.SharedStringsTable.readFrom(SharedStringsTable.java:123)
... 38 more
Caused by: org.xml.sax.SAXParseException; systemId: file://; lineNumber: 7; columnNumber: 289747; An invalid XML character (Unicode: 0x0) was found in the element content of the document.
at com.sun.org.apache.xerces.internal.util.ErrorHandlerWrapper.createSAXParseException(Unknown Source)
at com.sun.org.apache.xerces.internal.util.ErrorHandlerWrapper.fatalError(Unknown Source)
at com.sun.org.apache.xerces.internal.impl.XMLErrorReporter.reportError(Unknown Source)
at com.sun.org.apache.xerces.internal.impl.XMLErrorReporter.reportError(Unknown Source)
at com.sun.org.apache.xerces.internal.impl.XMLScanner.reportFatalError(Unknown Source)
at com.sun.org.apache.xerces.internal.impl.XMLDocumentFragmentScannerImpl$FragmentContentDriver.next(Unknown Source)
at com.sun.org.apache.xerces.internal.impl.XMLDocumentScannerImpl.next(Unknown Source)
at com.sun.org.apache.xerces.internal.impl.XMLNSDocumentScannerImpl.next(Unknown Source)
at com.sun.org.apache.xerces.internal.impl.XMLDocumentFragmentScannerImpl.scanDocument(Unknown Source)
at com.sun.org.apache.xerces.internal.parsers.XML11Configuration.parse(Unknown Source)
at com.sun.org.apache.xerces.internal.parsers.XML11Configuration.parse(Unknown Source)
at com.sun.org.apache.xerces.internal.parsers.XMLParser.parse(Unknown Source)
at com.sun.org.apache.xerces.internal.parsers.AbstractSAXParser.parse(Unknown Source)
at com.sun.org.apache.xerces.internal.jaxp.SAXParserImpl$JAXPSAXParser.parse(Unknown Source)
at org.apache.xmlbeans.impl.store.Locale$SaxLoader.load(Locale.java:3422)
... 43 more
... Removed 30 stack frames]]>
    </failure>
  </testcase> <!-- @BeforeClass getShareClassdetails -->
  <testcase name="@AfterClass tearDown" time="0.0" classname="com_edl_uat_api_testcases.TC006_shareclasses_id">
    <skipped/>
  </testcase> <!-- @AfterClass tearDown -->
  <testcase name="@BeforeClass getShareclassdetail" time="0.108" classname="com_edl_uat_api_testcases.TC007_shareclasses_id_NAV">
    <failure type="org.apache.poi.ooxml.POIXMLException" message="unable to parse shared strings table">
      <![CDATA[org.apache.poi.ooxml.POIXMLException: unable to parse shared strings table
at org.apache.poi.ooxml.POIXMLFactory.createDocumentPart(POIXMLFactory.java:66)
at org.apache.poi.ooxml.POIXMLDocumentPart.read(POIXMLDocumentPart.java:657)
at org.apache.poi.ooxml.POIXMLDocument.load(POIXMLDocument.java:180)
at org.apache.poi.xssf.usermodel.XSSFWorkbook.<init>(XSSFWorkbook.java:282)
at org.apache.poi.xssf.usermodel.XSSFWorkbook.<init>(XSSFWorkbook.java:303)
at Lib.XLUtil.getCellData(XLUtil.java:85)
at com_edl_uat_api_testcases.TC007_shareclasses_id_NAV.getShareclassdetail(TC007_shareclasses_id_NAV.java:27)
at org.apache.poi.xssf.usermodel.XSSFFactory.createDocumentPart(XSSFFactory.java:56)
at org.apache.poi.ooxml.POIXMLFactory.createDocumentPart(POIXMLFactory.java:63)
... 32 more
Caused by: java.io.IOException: unable to parse shared strings table
at org.apache.poi.xssf.model.SharedStringsTable.readFrom(SharedStringsTable.java:134)
at org.apache.poi.xssf.model.SharedStringsTable.<init>(SharedStringsTable.java:111)
... 37 more
Caused by: org.apache.xmlbeans.XmlException: error: An invalid XML character (Unicode: 0x0) was found in the element content of the document.
at org.apache.xmlbeans.impl.store.Locale$SaxLoader.load(Locale.java:3448)
at org.apache.xmlbeans.impl.store.Locale.parseToXmlObject(Locale.java:1272)
at org.apache.xmlbeans.impl.store.Locale.parseToXmlObject(Locale.java:1259)
at org.apache.xmlbeans.impl.schema.SchemaTypeLoaderBase.parse(SchemaTypeLoaderBase.java:345)
at org.openxmlformats.schemas.spreadsheetml.x2006.main.SstDocument$Factory.parse(Unknown Source)
at org.apache.poi.xssf.model.SharedStringsTable.readFrom(SharedStringsTable.java:123)
... 38 more
Caused by: org.xml.sax.SAXParseException; systemId: file://; lineNumber: 7; columnNumber: 289747; An invalid XML character (Unicode: 0x0) was found in the element content of the document.
at com.sun.org.apache.xerces.internal.util.ErrorHandlerWrapper.createSAXParseException(Unknown Source)
at com.sun.org.apache.xerces.internal.util.ErrorHandlerWrapper.fatalError(Unknown Source)
at com.sun.org.apache.xerces.internal.impl.XMLErrorReporter.reportError(Unknown Source)
at com.sun.org.apache.xerces.internal.impl.XMLErrorReporter.reportError(Unknown Source)
at com.sun.org.apache.xerces.internal.impl.XMLScanner.reportFatalError(Unknown Source)
at com.sun.org.apache.xerces.internal.impl.XMLDocumentFragmentScannerImpl$FragmentContentDriver.next(Unknown Source)
at com.sun.org.apache.xerces.internal.impl.XMLDocumentScannerImpl.next(Unknown Source)
at com.sun.org.apache.xerces.internal.impl.XMLNSDocumentScannerImpl.next(Unknown Source)
at com.sun.org.apache.xerces.internal.impl.XMLDocumentFragmentScannerImpl.scanDocument(Unknown Source)
at com.sun.org.apache.xerces.internal.parsers.XML11Configuration.parse(Unknown Source)
at com.sun.org.apache.xerces.internal.parsers.XML11Configuration.parse(Unknown Source)
at com.sun.org.apache.xerces.internal.parsers.XMLParser.parse(Unknown Source)
at com.sun.org.apache.xerces.internal.parsers.AbstractSAXParser.parse(Unknown Source)
at com.sun.org.apache.xerces.internal.jaxp.SAXParserImpl$JAXPSAXParser.parse(Unknown Source)
at org.apache.xmlbeans.impl.store.Locale$SaxLoader.load(Locale.java:3422)
... 43 more
... Removed 30 stack frames]]>
    </failure>
  </testcase> <!-- @BeforeClass getShareclassdetail -->
  <testcase name="@AfterClass tearDown" time="0.0" classname="com_edl_uat_api_testcases.TC007_shareclasses_id_NAV">
    <skipped/>
  </testcase> <!-- @AfterClass tearDown -->
  <testcase name="@BeforeClass getshareclass_perf_standard" time="0.036" classname="com_edl_uat_api_testcases.TC008_shareclasses_id_perf_standard">
    <failure type="org.apache.poi.ooxml.POIXMLException" message="unable to parse shared strings table">
      <![CDATA[org.apache.poi.ooxml.POIXMLException: unable to parse shared strings table
at org.apache.poi.ooxml.POIXMLFactory.createDocumentPart(POIXMLFactory.java:66)
at org.apache.poi.ooxml.POIXMLDocumentPart.read(POIXMLDocumentPart.java:657)
at org.apache.poi.ooxml.POIXMLDocument.load(POIXMLDocument.java:180)
at org.apache.poi.xssf.usermodel.XSSFWorkbook.<init>(XSSFWorkbook.java:282)
at org.apache.poi.xssf.usermodel.XSSFWorkbook.<init>(XSSFWorkbook.java:303)
at Lib.XLUtil.getCellData(XLUtil.java:85)
at com_edl_uat_api_testcases.TC008_shareclasses_id_perf_standard.getshareclass_perf_standard(TC008_shareclasses_id_perf_standard.java:27)
at org.apache.poi.xssf.usermodel.XSSFFactory.createDocumentPart(XSSFFactory.java:56)
at org.apache.poi.ooxml.POIXMLFactory.createDocumentPart(POIXMLFactory.java:63)
... 32 more
Caused by: java.io.IOException: unable to parse shared strings table
at org.apache.poi.xssf.model.SharedStringsTable.readFrom(SharedStringsTable.java:134)
at org.apache.poi.xssf.model.SharedStringsTable.<init>(SharedStringsTable.java:111)
... 37 more
Caused by: org.apache.xmlbeans.XmlException: error: An invalid XML character (Unicode: 0x0) was found in the element content of the document.
at org.apache.xmlbeans.impl.store.Locale$SaxLoader.load(Locale.java:3448)
at org.apache.xmlbeans.impl.store.Locale.parseToXmlObject(Locale.java:1272)
at org.apache.xmlbeans.impl.store.Locale.parseToXmlObject(Locale.java:1259)
at org.apache.xmlbeans.impl.schema.SchemaTypeLoaderBase.parse(SchemaTypeLoaderBase.java:345)
at org.openxmlformats.schemas.spreadsheetml.x2006.main.SstDocument$Factory.parse(Unknown Source)
at org.apache.poi.xssf.model.SharedStringsTable.readFrom(SharedStringsTable.java:123)
... 38 more
Caused by: org.xml.sax.SAXParseException; systemId: file://; lineNumber: 7; columnNumber: 289747; An invalid XML character (Unicode: 0x0) was found in the element content of the document.
at com.sun.org.apache.xerces.internal.util.ErrorHandlerWrapper.createSAXParseException(Unknown Source)
at com.sun.org.apache.xerces.internal.util.ErrorHandlerWrapper.fatalError(Unknown Source)
at com.sun.org.apache.xerces.internal.impl.XMLErrorReporter.reportError(Unknown Source)
at com.sun.org.apache.xerces.internal.impl.XMLErrorReporter.reportError(Unknown Source)
at com.sun.org.apache.xerces.internal.impl.XMLScanner.reportFatalError(Unknown Source)
at com.sun.org.apache.xerces.internal.impl.XMLDocumentFragmentScannerImpl$FragmentContentDriver.next(Unknown Source)
at com.sun.org.apache.xerces.internal.impl.XMLDocumentScannerImpl.next(Unknown Source)
at com.sun.org.apache.xerces.internal.impl.XMLNSDocumentScannerImpl.next(Unknown Source)
at com.sun.org.apache.xerces.internal.impl.XMLDocumentFragmentScannerImpl.scanDocument(Unknown Source)
at com.sun.org.apache.xerces.internal.parsers.XML11Configuration.parse(Unknown Source)
at com.sun.org.apache.xerces.internal.parsers.XML11Configuration.parse(Unknown Source)
at com.sun.org.apache.xerces.internal.parsers.XMLParser.parse(Unknown Source)
at com.sun.org.apache.xerces.internal.parsers.AbstractSAXParser.parse(Unknown Source)
at com.sun.org.apache.xerces.internal.jaxp.SAXParserImpl$JAXPSAXParser.parse(Unknown Source)
at org.apache.xmlbeans.impl.store.Locale$SaxLoader.load(Locale.java:3422)
... 43 more
... Removed 30 stack frames]]>
    </failure>
  </testcase> <!-- @BeforeClass getshareclass_perf_standard -->
  <testcase name="@AfterClass tearDown" time="0.0" classname="com_edl_uat_api_testcases.TC008_shareclasses_id_perf_standard">
    <skipped/>
  </testcase> <!-- @AfterClass tearDown -->
  <testcase name="@BeforeClass shareclasses_id_perf_rolling" time="0.041" classname="com_edl_uat_api_testcases.TC009_shareclasses_id_perf_rolling">
    <failure type="org.apache.poi.ooxml.POIXMLException" message="unable to parse shared strings table">
      <![CDATA[org.apache.poi.ooxml.POIXMLException: unable to parse shared strings table
at org.apache.poi.ooxml.POIXMLFactory.createDocumentPart(POIXMLFactory.java:66)
at org.apache.poi.ooxml.POIXMLDocumentPart.read(POIXMLDocumentPart.java:657)
at org.apache.poi.ooxml.POIXMLDocument.load(POIXMLDocument.java:180)
at org.apache.poi.xssf.usermodel.XSSFWorkbook.<init>(XSSFWorkbook.java:282)
at org.apache.poi.xssf.usermodel.XSSFWorkbook.<init>(XSSFWorkbook.java:303)
at Lib.XLUtil.getCellData(XLUtil.java:85)
at com_edl_uat_api_testcases.TC009_shareclasses_id_perf_rolling.shareclasses_id_perf_rolling(TC009_shareclasses_id_perf_rolling.java:26)
at org.apache.poi.xssf.usermodel.XSSFFactory.createDocumentPart(XSSFFactory.java:56)
at org.apache.poi.ooxml.POIXMLFactory.createDocumentPart(POIXMLFactory.java:63)
... 32 more
Caused by: java.io.IOException: unable to parse shared strings table
at org.apache.poi.xssf.model.SharedStringsTable.readFrom(SharedStringsTable.java:134)
at org.apache.poi.xssf.model.SharedStringsTable.<init>(SharedStringsTable.java:111)
... 37 more
Caused by: org.apache.xmlbeans.XmlException: error: An invalid XML character (Unicode: 0x0) was found in the element content of the document.
at org.apache.xmlbeans.impl.store.Locale$SaxLoader.load(Locale.java:3448)
at org.apache.xmlbeans.impl.store.Locale.parseToXmlObject(Locale.java:1272)
at org.apache.xmlbeans.impl.store.Locale.parseToXmlObject(Locale.java:1259)
at org.apache.xmlbeans.impl.schema.SchemaTypeLoaderBase.parse(SchemaTypeLoaderBase.java:345)
at org.openxmlformats.schemas.spreadsheetml.x2006.main.SstDocument$Factory.parse(Unknown Source)
at org.apache.poi.xssf.model.SharedStringsTable.readFrom(SharedStringsTable.java:123)
... 38 more
Caused by: org.xml.sax.SAXParseException; systemId: file://; lineNumber: 7; columnNumber: 289747; An invalid XML character (Unicode: 0x0) was found in the element content of the document.
at com.sun.org.apache.xerces.internal.util.ErrorHandlerWrapper.createSAXParseException(Unknown Source)
at com.sun.org.apache.xerces.internal.util.ErrorHandlerWrapper.fatalError(Unknown Source)
at com.sun.org.apache.xerces.internal.impl.XMLErrorReporter.reportError(Unknown Source)
at com.sun.org.apache.xerces.internal.impl.XMLErrorReporter.reportError(Unknown Source)
at com.sun.org.apache.xerces.internal.impl.XMLScanner.reportFatalError(Unknown Source)
at com.sun.org.apache.xerces.internal.impl.XMLDocumentFragmentScannerImpl$FragmentContentDriver.next(Unknown Source)
at com.sun.org.apache.xerces.internal.impl.XMLDocumentScannerImpl.next(Unknown Source)
at com.sun.org.apache.xerces.internal.impl.XMLNSDocumentScannerImpl.next(Unknown Source)
at com.sun.org.apache.xerces.internal.impl.XMLDocumentFragmentScannerImpl.scanDocument(Unknown Source)
at com.sun.org.apache.xerces.internal.parsers.XML11Configuration.parse(Unknown Source)
at com.sun.org.apache.xerces.internal.parsers.XML11Configuration.parse(Unknown Source)
at com.sun.org.apache.xerces.internal.parsers.XMLParser.parse(Unknown Source)
at com.sun.org.apache.xerces.internal.parsers.AbstractSAXParser.parse(Unknown Source)
at com.sun.org.apache.xerces.internal.jaxp.SAXParserImpl$JAXPSAXParser.parse(Unknown Source)
at org.apache.xmlbeans.impl.store.Locale$SaxLoader.load(Locale.java:3422)
... 43 more
... Removed 30 stack frames]]>
    </failure>
  </testcase> <!-- @BeforeClass shareclasses_id_perf_rolling -->
  <testcase name="@AfterClass tearDown" time="0.0" classname="com_edl_uat_api_testcases.TC009_shareclasses_id_perf_rolling">
    <skipped/>
  </testcase> <!-- @AfterClass tearDown -->
  <testcase name="@BeforeClass shareclasses_id_perf_growth" time="0.043" classname="com_edl_uat_api_testcases.TC0010_shareclasses_id_perf_growth">
    <failure type="org.apache.poi.ooxml.POIXMLException" message="unable to parse shared strings table">
      <![CDATA[org.apache.poi.ooxml.POIXMLException: unable to parse shared strings table
at org.apache.poi.ooxml.POIXMLFactory.createDocumentPart(POIXMLFactory.java:66)
at org.apache.poi.ooxml.POIXMLDocumentPart.read(POIXMLDocumentPart.java:657)
at org.apache.poi.ooxml.POIXMLDocument.load(POIXMLDocument.java:180)
at org.apache.poi.xssf.usermodel.XSSFWorkbook.<init>(XSSFWorkbook.java:282)
at org.apache.poi.xssf.usermodel.XSSFWorkbook.<init>(XSSFWorkbook.java:303)
at Lib.XLUtil.getCellData(XLUtil.java:85)
at com_edl_uat_api_testcases.TC0010_shareclasses_id_perf_growth.shareclasses_id_perf_growth(TC0010_shareclasses_id_perf_growth.java:27)
at org.apache.poi.xssf.usermodel.XSSFFactory.createDocumentPart(XSSFFactory.java:56)
at org.apache.poi.ooxml.POIXMLFactory.createDocumentPart(POIXMLFactory.java:63)
... 32 more
Caused by: java.io.IOException: unable to parse shared strings table
at org.apache.poi.xssf.model.SharedStringsTable.readFrom(SharedStringsTable.java:134)
at org.apache.poi.xssf.model.SharedStringsTable.<init>(SharedStringsTable.java:111)
... 37 more
Caused by: org.apache.xmlbeans.XmlException: error: An invalid XML character (Unicode: 0x0) was found in the element content of the document.
at org.apache.xmlbeans.impl.store.Locale$SaxLoader.load(Locale.java:3448)
at org.apache.xmlbeans.impl.store.Locale.parseToXmlObject(Locale.java:1272)
at org.apache.xmlbeans.impl.store.Locale.parseToXmlObject(Locale.java:1259)
at org.apache.xmlbeans.impl.schema.SchemaTypeLoaderBase.parse(SchemaTypeLoaderBase.java:345)
at org.openxmlformats.schemas.spreadsheetml.x2006.main.SstDocument$Factory.parse(Unknown Source)
at org.apache.poi.xssf.model.SharedStringsTable.readFrom(SharedStringsTable.java:123)
... 38 more
Caused by: org.xml.sax.SAXParseException; systemId: file://; lineNumber: 7; columnNumber: 289747; An invalid XML character (Unicode: 0x0) was found in the element content of the document.
at com.sun.org.apache.xerces.internal.util.ErrorHandlerWrapper.createSAXParseException(Unknown Source)
at com.sun.org.apache.xerces.internal.util.ErrorHandlerWrapper.fatalError(Unknown Source)
at com.sun.org.apache.xerces.internal.impl.XMLErrorReporter.reportError(Unknown Source)
at com.sun.org.apache.xerces.internal.impl.XMLErrorReporter.reportError(Unknown Source)
at com.sun.org.apache.xerces.internal.impl.XMLScanner.reportFatalError(Unknown Source)
at com.sun.org.apache.xerces.internal.impl.XMLDocumentFragmentScannerImpl$FragmentContentDriver.next(Unknown Source)
at com.sun.org.apache.xerces.internal.impl.XMLDocumentScannerImpl.next(Unknown Source)
at com.sun.org.apache.xerces.internal.impl.XMLNSDocumentScannerImpl.next(Unknown Source)
at com.sun.org.apache.xerces.internal.impl.XMLDocumentFragmentScannerImpl.scanDocument(Unknown Source)
at com.sun.org.apache.xerces.internal.parsers.XML11Configuration.parse(Unknown Source)
at com.sun.org.apache.xerces.internal.parsers.XML11Configuration.parse(Unknown Source)
at com.sun.org.apache.xerces.internal.parsers.XMLParser.parse(Unknown Source)
at com.sun.org.apache.xerces.internal.parsers.AbstractSAXParser.parse(Unknown Source)
at com.sun.org.apache.xerces.internal.jaxp.SAXParserImpl$JAXPSAXParser.parse(Unknown Source)
at org.apache.xmlbeans.impl.store.Locale$SaxLoader.load(Locale.java:3422)
... 43 more
... Removed 30 stack frames]]>
    </failure>
  </testcase> <!-- @BeforeClass shareclasses_id_perf_growth -->
  <testcase name="@AfterClass tearDown" time="0.0" classname="com_edl_uat_api_testcases.TC0010_shareclasses_id_perf_growth">
    <skipped/>
  </testcase> <!-- @AfterClass tearDown -->
  <testcase name="@BeforeClass shareclasses_id_syn_Riskindicator" time="0.059" classname="com_edl_uat_api_testcases.TC0011_shareclasses_id_syn_Riskindicator">
    <failure type="org.apache.poi.ooxml.POIXMLException" message="unable to parse shared strings table">
      <![CDATA[org.apache.poi.ooxml.POIXMLException: unable to parse shared strings table
at org.apache.poi.ooxml.POIXMLFactory.createDocumentPart(POIXMLFactory.java:66)
at org.apache.poi.ooxml.POIXMLDocumentPart.read(POIXMLDocumentPart.java:657)
at org.apache.poi.ooxml.POIXMLDocument.load(POIXMLDocument.java:180)
at org.apache.poi.xssf.usermodel.XSSFWorkbook.<init>(XSSFWorkbook.java:282)
at org.apache.poi.xssf.usermodel.XSSFWorkbook.<init>(XSSFWorkbook.java:303)
at Lib.XLUtil.getCellData(XLUtil.java:85)
at com_edl_uat_api_testcases.TC0011_shareclasses_id_syn_Riskindicator.shareclasses_id_syn_Riskindicator(TC0011_shareclasses_id_syn_Riskindicator.java:27)
at org.apache.poi.xssf.usermodel.XSSFFactory.createDocumentPart(XSSFFactory.java:56)
at org.apache.poi.ooxml.POIXMLFactory.createDocumentPart(POIXMLFactory.java:63)
... 32 more
Caused by: java.io.IOException: unable to parse shared strings table
at org.apache.poi.xssf.model.SharedStringsTable.readFrom(SharedStringsTable.java:134)
at org.apache.poi.xssf.model.SharedStringsTable.<init>(SharedStringsTable.java:111)
... 37 more
Caused by: org.apache.xmlbeans.XmlException: error: An invalid XML character (Unicode: 0x0) was found in the element content of the document.
at org.apache.xmlbeans.impl.store.Locale$SaxLoader.load(Locale.java:3448)
at org.apache.xmlbeans.impl.store.Locale.parseToXmlObject(Locale.java:1272)
at org.apache.xmlbeans.impl.store.Locale.parseToXmlObject(Locale.java:1259)
at org.apache.xmlbeans.impl.schema.SchemaTypeLoaderBase.parse(SchemaTypeLoaderBase.java:345)
at org.openxmlformats.schemas.spreadsheetml.x2006.main.SstDocument$Factory.parse(Unknown Source)
at org.apache.poi.xssf.model.SharedStringsTable.readFrom(SharedStringsTable.java:123)
... 38 more
Caused by: org.xml.sax.SAXParseException; systemId: file://; lineNumber: 7; columnNumber: 289747; An invalid XML character (Unicode: 0x0) was found in the element content of the document.
at com.sun.org.apache.xerces.internal.util.ErrorHandlerWrapper.createSAXParseException(Unknown Source)
at com.sun.org.apache.xerces.internal.util.ErrorHandlerWrapper.fatalError(Unknown Source)
at com.sun.org.apache.xerces.internal.impl.XMLErrorReporter.reportError(Unknown Source)
at com.sun.org.apache.xerces.internal.impl.XMLErrorReporter.reportError(Unknown Source)
at com.sun.org.apache.xerces.internal.impl.XMLScanner.reportFatalError(Unknown Source)
at com.sun.org.apache.xerces.internal.impl.XMLDocumentFragmentScannerImpl$FragmentContentDriver.next(Unknown Source)
at com.sun.org.apache.xerces.internal.impl.XMLDocumentScannerImpl.next(Unknown Source)
at com.sun.org.apache.xerces.internal.impl.XMLNSDocumentScannerImpl.next(Unknown Source)
at com.sun.org.apache.xerces.internal.impl.XMLDocumentFragmentScannerImpl.scanDocument(Unknown Source)
at com.sun.org.apache.xerces.internal.parsers.XML11Configuration.parse(Unknown Source)
at com.sun.org.apache.xerces.internal.parsers.XML11Configuration.parse(Unknown Source)
at com.sun.org.apache.xerces.internal.parsers.XMLParser.parse(Unknown Source)
at com.sun.org.apache.xerces.internal.parsers.AbstractSAXParser.parse(Unknown Source)
at com.sun.org.apache.xerces.internal.jaxp.SAXParserImpl$JAXPSAXParser.parse(Unknown Source)
at org.apache.xmlbeans.impl.store.Locale$SaxLoader.load(Locale.java:3422)
... 43 more
... Removed 30 stack frames]]>
    </failure>
  </testcase> <!-- @BeforeClass shareclasses_id_syn_Riskindicator -->
  <testcase name="@AfterClass tearDown" time="0.0" classname="com_edl_uat_api_testcases.TC0011_shareclasses_id_syn_Riskindicator">
    <skipped/>
  </testcase> <!-- @AfterClass tearDown -->
  <testcase name="@BeforeClass shareclasses_id_rankings" time="0.035" classname="com_edl_uat_api_testcases.TC0012_shareclasses_id_rankings">
    <failure type="org.apache.poi.ooxml.POIXMLException" message="unable to parse shared strings table">
      <![CDATA[org.apache.poi.ooxml.POIXMLException: unable to parse shared strings table
at org.apache.poi.ooxml.POIXMLFactory.createDocumentPart(POIXMLFactory.java:66)
at org.apache.poi.ooxml.POIXMLDocumentPart.read(POIXMLDocumentPart.java:657)
at org.apache.poi.ooxml.POIXMLDocument.load(POIXMLDocument.java:180)
at org.apache.poi.xssf.usermodel.XSSFWorkbook.<init>(XSSFWorkbook.java:282)
at org.apache.poi.xssf.usermodel.XSSFWorkbook.<init>(XSSFWorkbook.java:303)
at Lib.XLUtil.getCellData(XLUtil.java:85)
at com_edl_uat_api_testcases.TC0012_shareclasses_id_rankings.shareclasses_id_rankings(TC0012_shareclasses_id_rankings.java:27)
at org.apache.poi.xssf.usermodel.XSSFFactory.createDocumentPart(XSSFFactory.java:56)
at org.apache.poi.ooxml.POIXMLFactory.createDocumentPart(POIXMLFactory.java:63)
... 32 more
Caused by: java.io.IOException: unable to parse shared strings table
at org.apache.poi.xssf.model.SharedStringsTable.readFrom(SharedStringsTable.java:134)
at org.apache.poi.xssf.model.SharedStringsTable.<init>(SharedStringsTable.java:111)
... 37 more
Caused by: org.apache.xmlbeans.XmlException: error: An invalid XML character (Unicode: 0x0) was found in the element content of the document.
at org.apache.xmlbeans.impl.store.Locale$SaxLoader.load(Locale.java:3448)
at org.apache.xmlbeans.impl.store.Locale.parseToXmlObject(Locale.java:1272)
at org.apache.xmlbeans.impl.store.Locale.parseToXmlObject(Locale.java:1259)
at org.apache.xmlbeans.impl.schema.SchemaTypeLoaderBase.parse(SchemaTypeLoaderBase.java:345)
at org.openxmlformats.schemas.spreadsheetml.x2006.main.SstDocument$Factory.parse(Unknown Source)
at org.apache.poi.xssf.model.SharedStringsTable.readFrom(SharedStringsTable.java:123)
... 38 more
Caused by: org.xml.sax.SAXParseException; systemId: file://; lineNumber: 7; columnNumber: 289747; An invalid XML character (Unicode: 0x0) was found in the element content of the document.
at com.sun.org.apache.xerces.internal.util.ErrorHandlerWrapper.createSAXParseException(Unknown Source)
at com.sun.org.apache.xerces.internal.util.ErrorHandlerWrapper.fatalError(Unknown Source)
at com.sun.org.apache.xerces.internal.impl.XMLErrorReporter.reportError(Unknown Source)
at com.sun.org.apache.xerces.internal.impl.XMLErrorReporter.reportError(Unknown Source)
at com.sun.org.apache.xerces.internal.impl.XMLScanner.reportFatalError(Unknown Source)
at com.sun.org.apache.xerces.internal.impl.XMLDocumentFragmentScannerImpl$FragmentContentDriver.next(Unknown Source)
at com.sun.org.apache.xerces.internal.impl.XMLDocumentScannerImpl.next(Unknown Source)
at com.sun.org.apache.xerces.internal.impl.XMLNSDocumentScannerImpl.next(Unknown Source)
at com.sun.org.apache.xerces.internal.impl.XMLDocumentFragmentScannerImpl.scanDocument(Unknown Source)
at com.sun.org.apache.xerces.internal.parsers.XML11Configuration.parse(Unknown Source)
at com.sun.org.apache.xerces.internal.parsers.XML11Configuration.parse(Unknown Source)
at com.sun.org.apache.xerces.internal.parsers.XMLParser.parse(Unknown Source)
at com.sun.org.apache.xerces.internal.parsers.AbstractSAXParser.parse(Unknown Source)
at com.sun.org.apache.xerces.internal.jaxp.SAXParserImpl$JAXPSAXParser.parse(Unknown Source)
at org.apache.xmlbeans.impl.store.Locale$SaxLoader.load(Locale.java:3422)
... 43 more
... Removed 30 stack frames]]>
    </failure>
  </testcase> <!-- @BeforeClass shareclasses_id_rankings -->
  <testcase name="@AfterClass tearDown" time="0.0" classname="com_edl_uat_api_testcases.TC0012_shareclasses_id_rankings">
    <skipped/>
  </testcase> <!-- @AfterClass tearDown -->
  <testcase name="@BeforeClass shareclasses_id_ratings" time="0.061" classname="com_edl_uat_api_testcases.TC0013_shareclasses_id_ratings">
    <failure type="org.apache.poi.ooxml.POIXMLException" message="unable to parse shared strings table">
      <![CDATA[org.apache.poi.ooxml.POIXMLException: unable to parse shared strings table
at org.apache.poi.ooxml.POIXMLFactory.createDocumentPart(POIXMLFactory.java:66)
at org.apache.poi.ooxml.POIXMLDocumentPart.read(POIXMLDocumentPart.java:657)
at org.apache.poi.ooxml.POIXMLDocument.load(POIXMLDocument.java:180)
at org.apache.poi.xssf.usermodel.XSSFWorkbook.<init>(XSSFWorkbook.java:282)
at org.apache.poi.xssf.usermodel.XSSFWorkbook.<init>(XSSFWorkbook.java:303)
at Lib.XLUtil.getCellData(XLUtil.java:85)
at com_edl_uat_api_testcases.TC0013_shareclasses_id_ratings.shareclasses_id_ratings(TC0013_shareclasses_id_ratings.java:27)
at org.apache.poi.xssf.usermodel.XSSFFactory.createDocumentPart(XSSFFactory.java:56)
at org.apache.poi.ooxml.POIXMLFactory.createDocumentPart(POIXMLFactory.java:63)
... 32 more
Caused by: java.io.IOException: unable to parse shared strings table
at org.apache.poi.xssf.model.SharedStringsTable.readFrom(SharedStringsTable.java:134)
at org.apache.poi.xssf.model.SharedStringsTable.<init>(SharedStringsTable.java:111)
... 37 more
Caused by: org.apache.xmlbeans.XmlException: error: An invalid XML character (Unicode: 0x0) was found in the element content of the document.
at org.apache.xmlbeans.impl.store.Locale$SaxLoader.load(Locale.java:3448)
at org.apache.xmlbeans.impl.store.Locale.parseToXmlObject(Locale.java:1272)
at org.apache.xmlbeans.impl.store.Locale.parseToXmlObject(Locale.java:1259)
at org.apache.xmlbeans.impl.schema.SchemaTypeLoaderBase.parse(SchemaTypeLoaderBase.java:345)
at org.openxmlformats.schemas.spreadsheetml.x2006.main.SstDocument$Factory.parse(Unknown Source)
at org.apache.poi.xssf.model.SharedStringsTable.readFrom(SharedStringsTable.java:123)
... 38 more
Caused by: org.xml.sax.SAXParseException; systemId: file://; lineNumber: 7; columnNumber: 289747; An invalid XML character (Unicode: 0x0) was found in the element content of the document.
at com.sun.org.apache.xerces.internal.util.ErrorHandlerWrapper.createSAXParseException(Unknown Source)
at com.sun.org.apache.xerces.internal.util.ErrorHandlerWrapper.fatalError(Unknown Source)
at com.sun.org.apache.xerces.internal.impl.XMLErrorReporter.reportError(Unknown Source)
at com.sun.org.apache.xerces.internal.impl.XMLErrorReporter.reportError(Unknown Source)
at com.sun.org.apache.xerces.internal.impl.XMLScanner.reportFatalError(Unknown Source)
at com.sun.org.apache.xerces.internal.impl.XMLDocumentFragmentScannerImpl$FragmentContentDriver.next(Unknown Source)
at com.sun.org.apache.xerces.internal.impl.XMLDocumentScannerImpl.next(Unknown Source)
at com.sun.org.apache.xerces.internal.impl.XMLNSDocumentScannerImpl.next(Unknown Source)
at com.sun.org.apache.xerces.internal.impl.XMLDocumentFragmentScannerImpl.scanDocument(Unknown Source)
at com.sun.org.apache.xerces.internal.parsers.XML11Configuration.parse(Unknown Source)
at com.sun.org.apache.xerces.internal.parsers.XML11Configuration.parse(Unknown Source)
at com.sun.org.apache.xerces.internal.parsers.XMLParser.parse(Unknown Source)
at com.sun.org.apache.xerces.internal.parsers.AbstractSAXParser.parse(Unknown Source)
at com.sun.org.apache.xerces.internal.jaxp.SAXParserImpl$JAXPSAXParser.parse(Unknown Source)
at org.apache.xmlbeans.impl.store.Locale$SaxLoader.load(Locale.java:3422)
... 43 more
... Removed 30 stack frames]]>
    </failure>
  </testcase> <!-- @BeforeClass shareclasses_id_ratings -->
  <testcase name="@AfterClass tearDown" time="0.0" classname="com_edl_uat_api_testcases.TC0013_shareclasses_id_ratings">
    <skipped/>
  </testcase> <!-- @AfterClass tearDown -->
  <testcase name="RegisteredSuccesful" time="6.663" classname="com_edl_uat_api_testcases.TC000_Token_Generation"/>
  <testcase name="ExtractallData" time="0.0" classname="com_edl_uat_api_testcases.TC001_accounts_id">
    <skipped/>
  </testcase> <!-- ExtractallData -->
  <testcase name="checkResponseBody" time="0.0" classname="com_edl_uat_api_testcases.TC001_accounts_id">
    <skipped/>
  </testcase> <!-- checkResponseBody -->
  <testcase name="checkStatusCode" time="0.0" classname="com_edl_uat_api_testcases.TC001_accounts_id">
    <skipped/>
  </testcase> <!-- checkStatusCode -->
  <testcase name="ExtractallData" time="0.0" classname="com_edl_uat_api_testcases.TC002_accounts_id_weightedholdings">
    <skipped/>
  </testcase> <!-- ExtractallData -->
  <testcase name="checkResponseBody" time="0.0" classname="com_edl_uat_api_testcases.TC002_accounts_id_weightedholdings">
    <skipped/>
  </testcase> <!-- checkResponseBody -->
  <testcase name="checkStatusCode" time="0.0" classname="com_edl_uat_api_testcases.TC002_accounts_id_weightedholdings">
    <skipped/>
  </testcase> <!-- checkStatusCode -->
  <testcase name="ExtractallData" time="0.0" classname="com_edl_uat_api_testcases.TC003_accounts_id_holdings">
    <skipped/>
  </testcase> <!-- ExtractallData -->
  <testcase name="checkResponseBody" time="0.0" classname="com_edl_uat_api_testcases.TC003_accounts_id_holdings">
    <skipped/>
  </testcase> <!-- checkResponseBody -->
  <testcase name="checkStatusCode" time="0.0" classname="com_edl_uat_api_testcases.TC003_accounts_id_holdings">
    <skipped/>
  </testcase> <!-- checkStatusCode -->
  <testcase name="ExtractallData" time="0.0" classname="com_edl_uat_api_testcases.TC004_accounts_id_analystics">
    <skipped/>
  </testcase> <!-- ExtractallData -->
  <testcase name="checkResponseBody" time="0.0" classname="com_edl_uat_api_testcases.TC004_accounts_id_analystics">
    <skipped/>
  </testcase> <!-- checkResponseBody -->
  <testcase name="checkStatusCode" time="0.0" classname="com_edl_uat_api_testcases.TC004_accounts_id_analystics">
    <skipped/>
  </testcase> <!-- checkStatusCode -->
  <testcase name="ExtractallData" time="0.0" classname="com_edl_uat_api_testcases.TC006_shareclasses_id">
    <skipped/>
  </testcase> <!-- ExtractallData -->
  <testcase name="checkResponseBody" time="0.0" classname="com_edl_uat_api_testcases.TC006_shareclasses_id">
    <skipped/>
  </testcase> <!-- checkResponseBody -->
  <testcase name="checkStatusCode" time="0.0" classname="com_edl_uat_api_testcases.TC006_shareclasses_id">
    <skipped/>
  </testcase> <!-- checkStatusCode -->
  <testcase name="ExtractallData" time="0.0" classname="com_edl_uat_api_testcases.TC007_shareclasses_id_NAV">
    <skipped/>
  </testcase> <!-- ExtractallData -->
  <testcase name="checkResponseBody" time="0.0" classname="com_edl_uat_api_testcases.TC007_shareclasses_id_NAV">
    <skipped/>
  </testcase> <!-- checkResponseBody -->
  <testcase name="checkStatusCode" time="0.0" classname="com_edl_uat_api_testcases.TC007_shareclasses_id_NAV">
    <skipped/>
  </testcase> <!-- checkStatusCode -->
  <testcase name="ExtractallData" time="0.0" classname="com_edl_uat_api_testcases.TC008_shareclasses_id_perf_standard">
    <skipped/>
  </testcase> <!-- ExtractallData -->
  <testcase name="checkResponseBody" time="0.0" classname="com_edl_uat_api_testcases.TC008_shareclasses_id_perf_standard">
    <skipped/>
  </testcase> <!-- checkResponseBody -->
  <testcase name="checkStatusCode" time="0.0" classname="com_edl_uat_api_testcases.TC008_shareclasses_id_perf_standard">
    <skipped/>
  </testcase> <!-- checkStatusCode -->
  <testcase name="ExtractallData" time="0.0" classname="com_edl_uat_api_testcases.TC009_shareclasses_id_perf_rolling">
    <skipped/>
  </testcase> <!-- ExtractallData -->
  <testcase name="checkResponseBody" time="0.0" classname="com_edl_uat_api_testcases.TC009_shareclasses_id_perf_rolling">
    <skipped/>
  </testcase> <!-- checkResponseBody -->
  <testcase name="checkStatusCode" time="0.0" classname="com_edl_uat_api_testcases.TC009_shareclasses_id_perf_rolling">
    <skipped/>
  </testcase> <!-- checkStatusCode -->
  <testcase name="ExtractallData" time="0.0" classname="com_edl_uat_api_testcases.TC0010_shareclasses_id_perf_growth">
    <skipped/>
  </testcase> <!-- ExtractallData -->
  <testcase name="checkResponseBody" time="0.0" classname="com_edl_uat_api_testcases.TC0010_shareclasses_id_perf_growth">
    <skipped/>
  </testcase> <!-- checkResponseBody -->
  <testcase name="checkStatusCode" time="0.0" classname="com_edl_uat_api_testcases.TC0010_shareclasses_id_perf_growth">
    <skipped/>
  </testcase> <!-- checkStatusCode -->
  <testcase name="ExtractallData" time="0.0" classname="com_edl_uat_api_testcases.TC0011_shareclasses_id_syn_Riskindicator">
    <skipped/>
  </testcase> <!-- ExtractallData -->
  <testcase name="checkResponseBody" time="0.0" classname="com_edl_uat_api_testcases.TC0011_shareclasses_id_syn_Riskindicator">
    <skipped/>
  </testcase> <!-- checkResponseBody -->
  <testcase name="checkStatusCode" time="0.0" classname="com_edl_uat_api_testcases.TC0011_shareclasses_id_syn_Riskindicator">
    <skipped/>
  </testcase> <!-- checkStatusCode -->
  <testcase name="ExtractallData" time="0.0" classname="com_edl_uat_api_testcases.TC0012_shareclasses_id_rankings">
    <skipped/>
  </testcase> <!-- ExtractallData -->
  <testcase name="checkResponseBody" time="0.0" classname="com_edl_uat_api_testcases.TC0012_shareclasses_id_rankings">
    <skipped/>
  </testcase> <!-- checkResponseBody -->
  <testcase name="checkStatusCode" time="0.0" classname="com_edl_uat_api_testcases.TC0012_shareclasses_id_rankings">
    <skipped/>
  </testcase> <!-- checkStatusCode -->
  <testcase name="checkResponseBody" time="0.0" classname="com_edl_uat_api_testcases.TC0013_shareclasses_id_ratings">
    <skipped/>
  </testcase> <!-- checkResponseBody -->
  <testcase name="checkStatusCode" time="0.0" classname="com_edl_uat_api_testcases.TC0013_shareclasses_id_ratings">
    <skipped/>
  </testcase> <!-- checkStatusCode -->
</testsuite> <!-- EDL_API_UAT_Testing_TestCases -->
