<?xml version="1.0" encoding="UTF-8"?>
<!-- Generated by org.testng.reporters.JUnitXMLReporter -->
<testsuite hostname="HYDVMIOAMMANRR1" ignored="0" name="EDL_API_UAT_Testing_TestCases" tests="36" failures="1" timestamp="04 Dec 2019 15:03:27 GMT" time="1051.11" errors="0">
  <testcase name="@BeforeClass getShareClassdetails" time="47.487" classname="com_edl_uat_api_testcases.TC006_shareclasses_id">
    <failure type="java.lang.NullPointerException">
      <![CDATA[java.lang.NullPointerException
at Lib.XLUtil.getCellData(XLUtil.java:88)
at com_edl_uat_api_testcases.TC006_shareclasses_id.getShareClassdetails(TC006_shareclasses_id.java:35)
... Removed 26 stack frames]]>
    </failure>
  </testcase> <!-- @BeforeClass getShareClassdetails -->
  <testcase name="@AfterClass tearDown" time="0.0" classname="com_edl_uat_api_testcases.TC006_shareclasses_id">
    <skipped/>
  </testcase> <!-- @AfterClass tearDown -->
  <testcase name="@BeforeClass getShareclassdetail" time="77.083" classname="com_edl_uat_api_testcases.TC007_shareclasses_id_NAV">
    <failure type="java.lang.NullPointerException">
      <![CDATA[java.lang.NullPointerException
at Lib.XLUtil.getCellData(XLUtil.java:88)
at com_edl_uat_api_testcases.TC007_shareclasses_id_NAV.getShareclassdetail(TC007_shareclasses_id_NAV.java:35)
... Removed 26 stack frames]]>
    </failure>
  </testcase> <!-- @BeforeClass getShareclassdetail -->
  <testcase name="@AfterClass tearDown" time="0.0" classname="com_edl_uat_api_testcases.TC007_shareclasses_id_NAV">
    <skipped/>
  </testcase> <!-- @AfterClass tearDown -->
  <testcase name="@BeforeClass getshareclass_perf_standard" time="81.457" classname="com_edl_uat_api_testcases.TC008_shareclasses_id_perf_standard">
    <failure type="java.lang.NullPointerException">
      <![CDATA[java.lang.NullPointerException
at Lib.XLUtil.getCellData(XLUtil.java:88)
at com_edl_uat_api_testcases.TC008_shareclasses_id_perf_standard.getshareclass_perf_standard(TC008_shareclasses_id_perf_standard.java:35)
... Removed 26 stack frames]]>
    </failure>
  </testcase> <!-- @BeforeClass getshareclass_perf_standard -->
  <testcase name="@AfterClass tearDown" time="0.0" classname="com_edl_uat_api_testcases.TC008_shareclasses_id_perf_standard">
    <skipped/>
  </testcase> <!-- @AfterClass tearDown -->
  <testcase name="@BeforeClass shareclasses_id_perf_rolling" time="81.648" classname="com_edl_uat_api_testcases.TC009_shareclasses_id_perf_rolling">
    <failure type="java.lang.NullPointerException">
      <![CDATA[java.lang.NullPointerException
at Lib.XLUtil.getCellData(XLUtil.java:88)
at com_edl_uat_api_testcases.TC009_shareclasses_id_perf_rolling.shareclasses_id_perf_rolling(TC009_shareclasses_id_perf_rolling.java:34)
... Removed 26 stack frames]]>
    </failure>
  </testcase> <!-- @BeforeClass shareclasses_id_perf_rolling -->
  <testcase name="@AfterClass tearDown" time="0.0" classname="com_edl_uat_api_testcases.TC009_shareclasses_id_perf_rolling">
    <skipped/>
  </testcase> <!-- @AfterClass tearDown -->
  <testcase name="@BeforeClass shareclasses_id_perf_growth" time="83.383" classname="com_edl_uat_api_testcases.TC0010_shareclasses_id_perf_growth">
    <failure type="java.lang.NullPointerException">
      <![CDATA[java.lang.NullPointerException
at Lib.XLUtil.getCellData(XLUtil.java:88)
at com_edl_uat_api_testcases.TC0010_shareclasses_id_perf_growth.shareclasses_id_perf_growth(TC0010_shareclasses_id_perf_growth.java:35)
... Removed 26 stack frames]]>
    </failure>
  </testcase> <!-- @BeforeClass shareclasses_id_perf_growth -->
  <testcase name="@AfterClass tearDown" time="0.0" classname="com_edl_uat_api_testcases.TC0010_shareclasses_id_perf_growth">
    <skipped/>
  </testcase> <!-- @AfterClass tearDown -->
  <testcase name="@BeforeClass shareclasses_id_syn_Riskindicator" time="76.313" classname="com_edl_uat_api_testcases.TC0011_shareclasses_id_syn_Riskindicator">
    <failure type="java.lang.NullPointerException">
      <![CDATA[java.lang.NullPointerException
at Lib.XLUtil.getCellData(XLUtil.java:88)
at com_edl_uat_api_testcases.TC0011_shareclasses_id_syn_Riskindicator.shareclasses_id_syn_Riskindicator(TC0011_shareclasses_id_syn_Riskindicator.java:35)
... Removed 26 stack frames]]>
    </failure>
  </testcase> <!-- @BeforeClass shareclasses_id_syn_Riskindicator -->
  <testcase name="@AfterClass tearDown" time="0.0" classname="com_edl_uat_api_testcases.TC0011_shareclasses_id_syn_Riskindicator">
    <skipped/>
  </testcase> <!-- @AfterClass tearDown -->
  <testcase name="@BeforeClass shareclasses_id_rankings" time="74.505" classname="com_edl_uat_api_testcases.TC0012_shareclasses_id_rankings">
    <failure type="java.lang.NullPointerException">
      <![CDATA[java.lang.NullPointerException
at Lib.XLUtil.getCellData(XLUtil.java:88)
at com_edl_uat_api_testcases.TC0012_shareclasses_id_rankings.shareclasses_id_rankings(TC0012_shareclasses_id_rankings.java:34)
... Removed 26 stack frames]]>
    </failure>
  </testcase> <!-- @BeforeClass shareclasses_id_rankings -->
  <testcase name="@AfterClass tearDown" time="0.0" classname="com_edl_uat_api_testcases.TC0012_shareclasses_id_rankings">
    <skipped/>
  </testcase> <!-- @AfterClass tearDown -->
  <testcase name="@BeforeClass shareclasses_id_ratings" time="75.06" classname="com_edl_uat_api_testcases.TC0013_shareclasses_id_ratings">
    <failure type="java.lang.NullPointerException">
      <![CDATA[java.lang.NullPointerException
at Lib.XLUtil.getCellData(XLUtil.java:88)
at com_edl_uat_api_testcases.TC0013_shareclasses_id_ratings.shareclasses_id_ratings(TC0013_shareclasses_id_ratings.java:35)
... Removed 26 stack frames]]>
    </failure>
  </testcase> <!-- @BeforeClass shareclasses_id_ratings -->
  <testcase name="@AfterClass tearDown" time="0.0" classname="com_edl_uat_api_testcases.TC0013_shareclasses_id_ratings">
    <skipped/>
  </testcase> <!-- @AfterClass tearDown -->
  <testcase name="RegisteredSuccesful" time="5.735" classname="com_edl_uat_api_testcases.TC000_Token_Generation"/>
  <testcase name="ExtractallData" time="0.006" classname="com_edl_uat_api_testcases.TC001_accounts_id"/>
  <testcase name="checkResponseBody" time="0.001" classname="com_edl_uat_api_testcases.TC001_accounts_id"/>
  <testcase name="checkStatusCode" time="0.0" classname="com_edl_uat_api_testcases.TC001_accounts_id"/>
  <testcase name="ExtractallData" time="0.004" classname="com_edl_uat_api_testcases.TC002_accounts_id_weightedholdings"/>
  <testcase name="checkResponseBody" time="0.0" classname="com_edl_uat_api_testcases.TC002_accounts_id_weightedholdings"/>
  <testcase name="checkStatusCode" time="0.01" classname="com_edl_uat_api_testcases.TC002_accounts_id_weightedholdings"/>
  <testcase name="ExtractallData" time="0.006" classname="com_edl_uat_api_testcases.TC003_accounts_id_holdings"/>
  <testcase name="checkResponseBody" time="0.002" classname="com_edl_uat_api_testcases.TC003_accounts_id_holdings"/>
  <testcase name="checkStatusCode" time="0.003" classname="com_edl_uat_api_testcases.TC003_accounts_id_holdings"/>
  <testcase name="ExtractallData" time="3.005" classname="com_edl_uat_api_testcases.TC004_accounts_id_analystics"/>
  <testcase name="checkResponseBody" time="0.006" classname="com_edl_uat_api_testcases.TC004_accounts_id_analystics"/>
  <testcase name="checkStatusCode" time="0.007" classname="com_edl_uat_api_testcases.TC004_accounts_id_analystics">
    <failure type="java.lang.AssertionError" message="expected [200] but found [404]">
      <![CDATA[java.lang.AssertionError: expected [200] but found [404]
at com_edl_uat_api_testcases.TC004_accounts_id_analystics.checkStatusCode(TC004_accounts_id_analystics.java:94)
... Removed 31 stack frames]]>
    </failure>
  </testcase> <!-- checkStatusCode -->
  <testcase name="ExtractallData" time="0.0" classname="com_edl_uat_api_testcases.TC006_shareclasses_id">
    <skipped/>
  </testcase> <!-- ExtractallData -->
  <testcase name="checkResponseBody" time="0.0" classname="com_edl_uat_api_testcases.TC006_shareclasses_id">
    <skipped/>
  </testcase> <!-- checkResponseBody -->
  <testcase name="checkStatusCode" time="0.0" classname="com_edl_uat_api_testcases.TC006_shareclasses_id">
    <skipped/>
  </testcase> <!-- checkStatusCode -->
  <testcase name="ExtractallData" time="0.0" classname="com_edl_uat_api_testcases.TC007_shareclasses_id_NAV">
    <skipped/>
  </testcase> <!-- ExtractallData -->
  <testcase name="checkResponseBody" time="0.0" classname="com_edl_uat_api_testcases.TC007_shareclasses_id_NAV">
    <skipped/>
  </testcase> <!-- checkResponseBody -->
  <testcase name="checkStatusCode" time="0.0" classname="com_edl_uat_api_testcases.TC007_shareclasses_id_NAV">
    <skipped/>
  </testcase> <!-- checkStatusCode -->
  <testcase name="ExtractallData" time="0.0" classname="com_edl_uat_api_testcases.TC008_shareclasses_id_perf_standard">
    <skipped/>
  </testcase> <!-- ExtractallData -->
  <testcase name="checkResponseBody" time="0.0" classname="com_edl_uat_api_testcases.TC008_shareclasses_id_perf_standard">
    <skipped/>
  </testcase> <!-- checkResponseBody -->
  <testcase name="checkStatusCode" time="0.0" classname="com_edl_uat_api_testcases.TC008_shareclasses_id_perf_standard">
    <skipped/>
  </testcase> <!-- checkStatusCode -->
  <testcase name="ExtractallData" time="0.0" classname="com_edl_uat_api_testcases.TC009_shareclasses_id_perf_rolling">
    <skipped/>
  </testcase> <!-- ExtractallData -->
  <testcase name="checkResponseBody" time="0.0" classname="com_edl_uat_api_testcases.TC009_shareclasses_id_perf_rolling">
    <skipped/>
  </testcase> <!-- checkResponseBody -->
  <testcase name="checkStatusCode" time="0.0" classname="com_edl_uat_api_testcases.TC009_shareclasses_id_perf_rolling">
    <skipped/>
  </testcase> <!-- checkStatusCode -->
  <testcase name="ExtractallData" time="0.0" classname="com_edl_uat_api_testcases.TC0010_shareclasses_id_perf_growth">
    <skipped/>
  </testcase> <!-- ExtractallData -->
  <testcase name="checkResponseBody" time="0.0" classname="com_edl_uat_api_testcases.TC0010_shareclasses_id_perf_growth">
    <skipped/>
  </testcase> <!-- checkResponseBody -->
  <testcase name="checkStatusCode" time="0.0" classname="com_edl_uat_api_testcases.TC0010_shareclasses_id_perf_growth">
    <skipped/>
  </testcase> <!-- checkStatusCode -->
  <testcase name="ExtractallData" time="0.0" classname="com_edl_uat_api_testcases.TC0011_shareclasses_id_syn_Riskindicator">
    <skipped/>
  </testcase> <!-- ExtractallData -->
  <testcase name="checkResponseBody" time="0.0" classname="com_edl_uat_api_testcases.TC0011_shareclasses_id_syn_Riskindicator">
    <skipped/>
  </testcase> <!-- checkResponseBody -->
  <testcase name="checkStatusCode" time="0.0" classname="com_edl_uat_api_testcases.TC0011_shareclasses_id_syn_Riskindicator">
    <skipped/>
  </testcase> <!-- checkStatusCode -->
  <testcase name="ExtractallData" time="0.0" classname="com_edl_uat_api_testcases.TC0012_shareclasses_id_rankings">
    <skipped/>
  </testcase> <!-- ExtractallData -->
  <testcase name="checkResponseBody" time="0.0" classname="com_edl_uat_api_testcases.TC0012_shareclasses_id_rankings">
    <skipped/>
  </testcase> <!-- checkResponseBody -->
  <testcase name="checkStatusCode" time="0.0" classname="com_edl_uat_api_testcases.TC0012_shareclasses_id_rankings">
    <skipped/>
  </testcase> <!-- checkStatusCode -->
  <testcase name="checkResponseBody" time="0.0" classname="com_edl_uat_api_testcases.TC0013_shareclasses_id_ratings">
    <skipped/>
  </testcase> <!-- checkResponseBody -->
  <testcase name="checkStatusCode" time="0.0" classname="com_edl_uat_api_testcases.TC0013_shareclasses_id_ratings">
    <skipped/>
  </testcase> <!-- checkStatusCode -->
</testsuite> <!-- EDL_API_UAT_Testing_TestCases -->
