<?xml version="1.0" encoding="UTF-8"?>
<testng-results skipped="0" failed="0" ignored="0" total="1" passed="1">
  <reporter-output>
  </reporter-output>
  <suite name="Default suite" duration-ms="8054" started-at="2019-12-13T16:02:53Z" finished-at="2019-12-13T16:03:01Z">
    <groups>
    </groups>
    <test name="Default test" duration-ms="8054" started-at="2019-12-13T16:02:53Z" finished-at="2019-12-13T16:03:01Z">
      <class name="com_edl_uat_api_testcases.TC000_Token_Generation">
        <test-method status="PASS" signature="RegisteredSuccesful()[pri:0, instance:com_edl_uat_api_testcases.TC000_Token_Generation@3ffc5af1]" name="RegisteredSuccesful" duration-ms="7968" started-at="2019-12-13T16:02:53Z" finished-at="2019-12-13T16:03:01Z">
          <reporter-output>
          </reporter-output>
        </test-method> <!-- RegisteredSuccesful -->
      </class> <!-- com_edl_uat_api_testcases.TC000_Token_Generation -->
    </test> <!-- Default test -->
  </suite> <!-- Default suite -->
</testng-results>
